[root@localhost sys_inspection]# ./inspect.sh 
2026-02-27 21:30:17 [INFO] 巡检开始
2026-02-27 21:30:17 [INFO] 日志文件: /home/sys_inspection/logs/inspect_20260227_213017.log

==================================================
          服务器一键巡检系统 v2.0.0            
==================================================

========================================
         依赖工具检查
========================================

[OK] 必需工具检查通过

[OK] 所有可选工具都已安装


2026-02-27 21:30:17 [INFO] 待巡检服务器数量: 2
2026-02-27 21:30:17 [INFO] 并发数: 5
2026-02-27 21:30:17 [INFO] 报告类型: html

[1/2] 开始巡检: web-server-01 (192.168.37.132)
2026-02-27 21:30:17 [INFO] [1/2] 开始巡检: web-server-01 (192.168.37.132)
[2/2] 开始巡检: docker-env (192.168.37.131)
2026-02-27 21:30:17 [INFO] [2/2] 开始巡检: docker-env (192.168.37.131)
192.168.37.132|web-server-01|CRITICAL||巡检执行失败: 2026-02-27 21:30:17 [INFO] 开始巡检远程服务器: 192.168.37.132 (web-server-01)
2026-02-27 21:30:17 [INFO] 使用密码登录: root@192.168.37.132:22 (密码长度: 8)
2026-02-27 21:30:17 [ERROR] SSH连接失败: 192.168.37.132:22
2026-02-27 21:30:17 [ERROR] 错误详情: command-line line 0: unsupported option "accept-new".
2026-02-27 21:30:17 [ERROR] 提示: 可能的原因包括:
2026-02-27 21:30:17 [ERROR]   1. 密码错误
2026-02-27 21:30:17 [ERROR]   2. SSH服务未启动或端口错误
2026-02-27 21:30:17 [ERROR]   3. 网络不通或防火墙阻止
2026-02-27 21:30:17 [ERROR]   4. sshpass工具未安装或版本不兼容
2026-02-27 21:30:17 [ERROR] 
2026-02-27 21:30:17 [ERROR] 建议手动测试: sshpass -p '***' ssh -o StrictHostKeyChecking=accept-new -p 22 root@192.168.37.132 'echo test'|
/home/sys_inspection/lib/system_check.sh: 第 51 行:[: 0
0: 期待整数表达式
/home/sys_inspection/lib/memory_check.sh: 第 73 行:[: 0
0: 期待整数表达式
/home/sys_inspection/lib/disk_check.sh: 第 42 行:[: 已用(I): 期待整数表达式
/home/sys_inspection/lib/network_check.sh: 第 120 行:[: 0
0: 期待整数表达式
192.168.37.131|docker-env|WARNING|, 系统近期已重启(运行0天); , 服务docker未运行; , SSH允许Root登录, SSH允许密码认证; ||2026-02-27 21:30:17 [INFO] 开始巡检本地服务器: docker-env
===INSPECT_START===
===SYSTEM===
SYS_STATUS=WARNING
HOSTNAME=localhost.localdomain
OS_TYPE=CentOS Linux
OS_VERSION=7 (Core)
KERNEL_VERSION=3.10.0-1160.el7.x86_64
ARCH=x86_64
SYSTEM_TIME=2026-02-27 21:30:17
UPTIME_DAYS=0
SYS_RESULT=系统基础信息:\n  主机名: localhost.localdomain\n  操作系统: CentOS Linux 7 (Core)\n  内核版本: 3.10.0-1160.el7.x86_64\n  系统架构: x86_64\n  系统时间: 2026-02-27 21:30:17\n  运行天数: 0天\n  NTP状态:\n      Local time: 五 2026-02-27 21:30:17 CST
     NTP enabled: n/a
NTP synchronized: no\n  内核错误(最近):\n[    0.353449] pci 0000:00:15.6: BAR 13: failed to assign [io  size 0x1000]
[    0.353451] pci 0000:00:15.5: BAR 13: failed to assign [io  size 0x1000]
[    0.353452] pci 0000:00:15.4: BAR 13: failed to assign [io  size 0x1000]
[    0.353453] pci 0000:00:15.3: BAR 13: failed to assign [io  size 0x1000]
[    0.588250] BERT: Boot Error Record Table support is disabled. Enable it by using bert_enable as kernel parameter.
SYS_WARNINGS=, 系统近期已重启(运行0天)
SYS_CRITICALS=
===CPU===
CPU_STATUS=OK
CPU_CORES=2
CPU_USAGE=0
CPU_MODEL=
LOAD_1MIN=0.08
LOAD_5MIN=0.05
LOAD_15MIN=0.05
CPU_RESULT=CPU检查结果:\n  CPU型号: 未知\n  CPU核心数: 2\n  CPU使用率: 0%\n  系统负载: 1分钟=0.08 5分钟=0.05 15分钟=0.05\n  负载阈值: 警告=2.0 临界=3.0\n  TOP5 CPU进程:\n 70001 root      0.5 inspect.sh
 70348 root      0.5 systemd-timedat
  1468 root      0.4 sshd
     1 root      0.0 systemd
     2 root      0.0 kthreadd
CPU_WARNINGS=
CPU_CRITICALS=
===MEMORY===
MEM_STATUS=OK
MEM_USAGE=13
MEM_USED=520
MEM_TOTAL=3770
SWAP_TOTAL=0
SWAP_USED=0
SWAP_USAGE=0
MEM_RESULT=内存检查结果:\n  内存总量: 3770MB\n  内存已用: 520MB\n  内存使用率: 13%\n  Swap总量: 0MB\n  Swap已用: 0MB\n  Swap使用率: 0%\n  TOP5 内存进程:\n   923 root      0.4 tuned
   652 polkitd   0.2 polkitd
   649 root      0.2 NetworkManager
     1 root      0.1 systemd
   500 root      0.1 systemd-udevd
MEM_WARNINGS=
MEM_CRITICALS=
===DISK===
DISK_STATUS=OK
DISK_RESULT=磁盘检查结果:\n  磁盘使用情况:\n  /: 总量=38G 已用=3.1G 可用=35G 使用率=9%\n  /boot: 总量=2.0G 已用=151M 可用=1.9G 使用率=8%\n  Inode使用情况:\n  /: Inode使用率=1%\n  /boot: Inode使用率=1%\n  IO等待: 13.23%\n
DISK_WARNINGS=
DISK_CRITICALS=
DISK_IO_WAIT=13.23
DISK_DETAILS=/dev/mapper/centos-root|38G|3.1G|35G|9|/
/dev/sda1|2.0G|151M|1.9G|8|/boot

===NETWORK===
NET_STATUS=OK
CONNECTION_ESTABLISHED=9
CONNECTION_LISTEN=4
CONNECTION_TIME_WAIT=3
CONNECTION_COUNT=9
TIME_WAIT_COUNT=3
NET_RESULT=网络检查结果:\n  网络连接数: 9\n  TIME_WAIT连接: 3\n  TCP连接状态:\nLISTEN: 4
ESTAB: 2
TIME-WAIT: 3\n  网络连通性: 网关192.168.37.2丢包率: 0%\n  DNS状态:\nDNS 192.168.37.2: 异常\n
NET_WARNINGS=
NET_CRITICALS=
===PROCESS===
PROCESS_STATUS=WARNING
PROCESS_RUNNING=35
PROCESS_SLEEPING=121
PROCESS_ZOMBIE=1
PROCESS_TOTAL=122
ZOMBIE_COUNT=1
PROCESS_RESULT=进程与服务检查结果:\n  进程总数: 122\n  僵尸进程数: 1\n  服务状态:\n  docker: 未运行(unknown)\n  定时任务:\nSHELL=/bin/bash
PATH=/sbin:/bin:/usr/sbin:/usr/bin
MAILTO=root\n  系统运行时间: up 1 hour, 23 minutes
PROCESS_WARNINGS=, 服务docker未运行
PROCESS_CRITICALS=
===SECURITY===
SEC_STATUS=WARNING
LOGIN_FAIL_COUNT=0
0
LOGIN_SUCCESS_COUNT=3
LOGIN_FAIL_USERS=0
0
LOGIN_FAIL_IPS=
FIREWALL_STATUS=firewalld: 
SELINUX_STATUS=Enforcing
USER_COUNT=19
SEC_RESULT=安全检查结果:\n  登录失败次数: 0
0\n  用户总数: 19\n  在线用户:\n 21:30:22 up  1:23,  3 users,  load average: 0.08, 0.05, 0.05
root     tty1                      20:07    1:21m  0.00s  0.00s -bash
root     pts/0    192.168.37.1     20:31    6.00s  0.05s  0.00s /bin/bash ./inspect.sh
root     pts/1    192.168.37.1     20:31   58:27   2.19s  2.19s top\n  最近登录:\nroot     pts/2        192.168.37.131   Fri Feb 27 21:23 - 21:23  (00:00)    
root     pts/1        192.168.37.1     Fri Feb 27 20:31   still logged in   
root     pts/0        192.168.37.1     Fri Feb 27 20:31   still logged in   
root     tty1                          Fri Feb 27 20:07   still logged in   
reboot   system boot  3.10.0-1160.el7. Fri Feb 27 20:06 - 21:30  (01:23)    \n  防火墙状态: firewalld: \n  SSH配置:\nSSH端口: 22\nRoot登录: yes\n密码认证: yes
SEC_WARNINGS=, SSH允许Root登录, SSH允许密码认证
SEC_CRITICALS=
===INSPECT_END===
[CRITICAL] web-server-01 巡检完成，存在严重问题
[WARNING] docker-env 巡检完成，存在警告

========================================
           巡检摘要统计
========================================
总服务器数: 2
正常: 0
警告: 1
严重: 1
========================================

2026-02-27 21:30:22 [INFO] 巡检摘要 - 总数:2 正常:0 警告:1 严重:1
2026-02-27 21:30:22 [INFO] HTML报告已生成: /home/sys_inspection/reports/inspection_report_20260227_213017.html

巡检完成！
报告文件: /home/sys_inspection/reports/inspection_report_20260227_213017.html
日志文件: /home/sys_inspection/logs/inspect_20260227_213017.log
2026-02-27 21:30:22 [INFO] 巡检完成